HOA/HOA/app/build/intermediates/manifest_merge_blame_file/debug/manifest-merger-blame-debug-report.txt
1<?xml version="1.0" encoding="utf-8"?>
2<manifest xmlns:android="http://schemas.android.com/apk/res/android"
3    package="com.CS480.hoa"
4    android:versionCode="1"
5    android:versionName="1.0" >
6
7    <uses-sdk
8        android:minSdkVersion="15"
8-->src\main\AndroidManifest.xml
9        android:targetSdkVersion="29" />
9-->src\main\AndroidManifest.xml
10
11    <uses-permission android:name="android.permission.INTERNET" />
11-->src\main\AndroidManifest.xml:6:5-67
11-->src\main\AndroidManifest.xml:6:22-64
12    <uses-permission android:name="android.permission.CAMERA" />
12-->src\main\AndroidManifest.xml:7:5-65
12-->src\main\AndroidManifest.xml:7:22-62
13
14    <application
14-->src\main\AndroidManifest.xml:9:5-47:19
15        android:allowBackup="true"
15-->src\main\AndroidManifest.xml:10:9-35
16        android:appComponentFactory="androidx.core.app.CoreComponentFactory"
16-->[androidx.core:core:1.1.0] AndroidManifest.xml:24:18-86
17        android:debuggable="true"
18        android:icon="@mipmap/ic_launcher"
18-->src\main\AndroidManifest.xml:11:9-43
19        android:label="@string/app_name"
19-->src\main\AndroidManifest.xml:12:9-41
20        android:roundIcon="@mipmap/ic_launcher_round"
20-->src\main\AndroidManifest.xml:13:9-54
21        android:supportsRtl="true"
21-->src\main\AndroidManifest.xml:14:9-35
22        android:theme="@style/AppTheme" >
22-->src\main\AndroidManifest.xml:15:9-40
23        <activity android:name="com.CS480.hoa.ViewCommentsActivity" />
23-->src\main\AndroidManifest.xml:16:9-67
23-->src\main\AndroidManifest.xml:16:19-55
24        <activity android:name="com.CS480.hoa.BlankActivity" />
24-->src\main\AndroidManifest.xml:17:9-51
24-->src\main\AndroidManifest.xml:17:19-48
25        <activity
25-->src\main\AndroidManifest.xml:18:9-20:63
26            android:name="com.CS480.hoa.EditRulesAndPoliciesActivity"
26-->src\main\AndroidManifest.xml:19:13-57
27            android:parentActivityName="com.CS480.hoa.AdminMainActivity" />
27-->src\main\AndroidManifest.xml:20:13-60
28        <activity
28-->src\main\AndroidManifest.xml:21:9-23:67
29            android:name="com.CS480.hoa.ViewRulesAndPoliciesActivity"
29-->src\main\AndroidManifest.xml:22:13-57
30            android:parentActivityName="com.CS480.hoa.HomeOwnerMainActivity" />
30-->src\main\AndroidManifest.xml:23:13-64
31        <activity
31-->src\main\AndroidManifest.xml:24:9-26:63
32            android:name="com.CS480.hoa.EditHomeOwnerActivity"
32-->src\main\AndroidManifest.xml:25:13-50
33            android:parentActivityName="com.CS480.hoa.AdminMainActivity" />
33-->src\main\AndroidManifest.xml:26:13-60
34        <activity android:name="com.CS480.hoa.WorkOrderViewActivity" />
34-->src\main\AndroidManifest.xml:27:9-59
34-->src\main\AndroidManifest.xml:27:19-56
35        <activity
35-->src\main\AndroidManifest.xml:28:9-30:67
36            android:name="com.CS480.hoa.CreateNewWorkOrderActivity"
36-->src\main\AndroidManifest.xml:29:13-55
37            android:parentActivityName="com.CS480.hoa.HomeOwnerMainActivity" />
37-->src\main\AndroidManifest.xml:30:13-64
38        <activity
38-->src\main\AndroidManifest.xml:31:9-33:59
39            android:name="com.CS480.hoa.AdminMainActivity"
39-->src\main\AndroidManifest.xml:32:13-46
40            android:parentActivityName="com.CS480.hoa.LoginActivity" />
40-->src\main\AndroidManifest.xml:33:13-56
41        <activity
41-->src\main\AndroidManifest.xml:34:9-36:59
42            android:name="com.CS480.hoa.HomeOwnerMainActivity"
42-->src\main\AndroidManifest.xml:35:13-50
43            android:parentActivityName="com.CS480.hoa.LoginActivity" />
43-->src\main\AndroidManifest.xml:36:13-56
44        <activity
44-->src\main\AndroidManifest.xml:37:9-39:59
45            android:name="com.CS480.hoa.CreateNewHomeOwnerActivity"
45-->src\main\AndroidManifest.xml:38:13-55
46            android:parentActivityName="com.CS480.hoa.LoginActivity" />
46-->src\main\AndroidManifest.xml:39:13-56
47        <activity android:name="com.CS480.hoa.LoginActivity" >
47-->src\main\AndroidManifest.xml:40:9-46:20
47-->src\main\AndroidManifest.xml:40:19-48
48            <intent-filter>
48-->src\main\AndroidManifest.xml:41:13-45:29
49                <action android:name="android.intent.action.MAIN" />
49-->src\main\AndroidManifest.xml:42:17-69
49-->src\main\AndroidManifest.xml:42:25-66
50
51                <category android:name="android.intent.category.LAUNCHER" />
51-->src\main\AndroidManifest.xml:44:17-77
51-->src\main\AndroidManifest.xml:44:27-74
52            </intent-filter>
53        </activity>
54    </application>
55
56</manifest>